<?xml version="1.0" encoding="UTF-8"?>
<!-- Generated by org.testng.reporters.JUnitXMLReporter -->
<testsuite ignored="0" hostname="Kanchan" failures="0" tests="2" name="Default test" time="126.401" errors="0" timestamp="25 Jul 2019 03:11:06 GMT">
  <testcase classname="utility.Baseclass" name="@BeforeClass launchdriver" time="124.877">
    <failure type="org.openqa.selenium.WebDriverException" message="unknown error: DevToolsActivePort file doesn&amp;apos;t exist
Build info: version: &amp;apos;3.141.59&amp;apos;, revision: &amp;apos;e82be7d358&amp;apos;, time: &amp;apos;2018-11-14T08:17:03&amp;apos;
System info: host: &amp;apos;KANCHAN&amp;apos;, ip: &amp;apos;192.168.43.93&amp;apos;, os.name: &amp;apos;Windows 8&amp;apos;, os.arch: &amp;apos;amd64&amp;apos;, os.version: &amp;apos;6.2&amp;apos;, java.version: &amp;apos;12.0.1&amp;apos;
Driver info: driver.version: ChromeDriver
remote stacktrace: Backtrace:
	Ordinal0 [0x004F1B43+1448771]
	Ordinal0 [0x00475A31+940593]
	Ordinal0 [0x00402293+467603]
	Ordinal0 [0x0039E91D+59677]
	Ordinal0 [0x0039BB1D+47901]
	Ordinal0 [0x003B8D09+167177]
	Ordinal0 [0x003B88DD+166109]
	Ordinal0 [0x003B6FEB+159723]
	Ordinal0 [0x003A09F6+68086]
	Ordinal0 [0x003A1990+72080]
	Ordinal0 [0x003A1929+71977]
	GetHandleVerifier [0x00632E8C+1172172]
	GetHandleVerifier [0x0058FE55+504469]
	GetHandleVerifier [0x0058FBF0+503856]
	Ordinal0 [0x004FC9C8+1493448]
	GetHandleVerifier [0x0059062A+506474]
	Ordinal0 [0x00487156+1012054]
	Ordinal0 [0x00486FCF+1011663]
	Ordinal0 [0x0049135B+1053531]
	Ordinal0 [0x004914C3+1053891]
	Ordinal0 [0x004904F5+1049845]
	BaseThreadInitThunk [0x76D88543+14]
	RtlInitializeExceptionChain [0x776EAC69+133]
	RtlInitializeExceptionChain [0x776EAC3C+88]
">
      <![CDATA[org.openqa.selenium.WebDriverException: unknown error: DevToolsActivePort file doesn't exist
Build info: version: '3.141.59', revision: 'e82be7d358', time: '2018-11-14T08:17:03'
System info: host: 'KANCHAN', ip: '192.168.43.93', os.name: 'Windows 8', os.arch: 'amd64', os.version: '6.2', java.version: '12.0.1'
Driver info: driver.version: ChromeDriver
remote stacktrace: Backtrace:
Ordinal0 [0x004F1B43+1448771]
Ordinal0 [0x00475A31+940593]
Ordinal0 [0x00402293+467603]
Ordinal0 [0x0039E91D+59677]
Ordinal0 [0x0039BB1D+47901]
Ordinal0 [0x003B8D09+167177]
Ordinal0 [0x003B88DD+166109]
Ordinal0 [0x003B6FEB+159723]
Ordinal0 [0x003A09F6+68086]
Ordinal0 [0x003A1990+72080]
Ordinal0 [0x003A1929+71977]
GetHandleVerifier [0x00632E8C+1172172]
GetHandleVerifier [0x0058FE55+504469]
GetHandleVerifier [0x0058FBF0+503856]
Ordinal0 [0x004FC9C8+1493448]
GetHandleVerifier [0x0059062A+506474]
Ordinal0 [0x00487156+1012054]
Ordinal0 [0x00486FCF+1011663]
Ordinal0 [0x0049135B+1053531]
Ordinal0 [0x004914C3+1053891]
Ordinal0 [0x004904F5+1049845]
BaseThreadInitThunk [0x76D88543+14]
RtlInitializeExceptionChain [0x776EAC69+133]
RtlInitializeExceptionChain [0x776EAC3C+88]

at java.base/jdk.internal.reflect.NativeConstructorAccessorImpl.newInstance0(Native Method)
at java.base/jdk.internal.reflect.NativeConstructorAccessorImpl.newInstance(NativeConstructorAccessorImpl.java:62)
at java.base/jdk.internal.reflect.DelegatingConstructorAccessorImpl.newInstance(DelegatingConstructorAccessorImpl.java:45)
at java.base/java.lang.reflect.Constructor.newInstanceWithCaller(Constructor.java:500)
at java.base/java.lang.reflect.Constructor.newInstance(Constructor.java:481)
at org.openqa.selenium.remote.W3CHandshakeResponse.lambda$errorHandler$0(W3CHandshakeResponse.java:62)
at org.openqa.selenium.remote.HandshakeResponse.lambda$getResponseFunction$0(HandshakeResponse.java:30)
at org.openqa.selenium.remote.ProtocolHandshake.lambda$createSession$0(ProtocolHandshake.java:126)
at java.base/java.util.stream.ReferencePipeline$3$1.accept(ReferencePipeline.java:195)
at java.base/java.util.Spliterators$ArraySpliterator.tryAdvance(Spliterators.java:958)
at java.base/java.util.stream.ReferencePipeline.forEachWithCancel(ReferencePipeline.java:127)
at java.base/java.util.stream.AbstractPipeline.copyIntoWithCancel(AbstractPipeline.java:502)
at java.base/java.util.stream.AbstractPipeline.copyInto(AbstractPipeline.java:488)
at java.base/java.util.stream.AbstractPipeline.wrapAndCopyInto(AbstractPipeline.java:474)
at java.base/java.util.stream.FindOps$FindOp.evaluateSequential(FindOps.java:150)
at java.base/java.util.stream.AbstractPipeline.evaluate(AbstractPipeline.java:234)
at java.base/java.util.stream.ReferencePipeline.findFirst(ReferencePipeline.java:543)
at org.openqa.selenium.remote.ProtocolHandshake.createSession(ProtocolHandshake.java:128)
at org.openqa.selenium.remote.ProtocolHandshake.createSession(ProtocolHandshake.java:74)
at org.openqa.selenium.remote.HttpCommandExecutor.execute(HttpCommandExecutor.java:136)
at org.openqa.selenium.remote.service.DriverCommandExecutor.execute(DriverCommandExecutor.java:83)
at org.openqa.selenium.remote.RemoteWebDriver.execute(RemoteWebDriver.java:552)
at org.openqa.selenium.remote.RemoteWebDriver.startSession(RemoteWebDriver.java:213)
at org.openqa.selenium.remote.RemoteWebDriver.<init>(RemoteWebDriver.java:131)
at org.openqa.selenium.chrome.ChromeDriver.<init>(ChromeDriver.java:181)
at org.openqa.selenium.chrome.ChromeDriver.<init>(ChromeDriver.java:168)
at org.openqa.selenium.chrome.ChromeDriver.<init>(ChromeDriver.java:123)
at utility.Baseclass.launchdriver(Baseclass.java:31)
at java.base/jdk.internal.reflect.NativeMethodAccessorImpl.invoke0(Native Method)
at java.base/jdk.internal.reflect.NativeMethodAccessorImpl.invoke(NativeMethodAccessorImpl.java:62)
at java.base/jdk.internal.reflect.DelegatingMethodAccessorImpl.invoke(DelegatingMethodAccessorImpl.java:43)
at java.base/java.lang.reflect.Method.invoke(Method.java:567)
at org.testng.internal.MethodInvocationHelper.invokeMethod(MethodInvocationHelper.java:124)
at org.testng.internal.MethodInvocationHelper.invokeMethodConsideringTimeout(MethodInvocationHelper.java:59)
at org.testng.internal.Invoker.invokeConfigurationMethod(Invoker.java:458)
at org.testng.internal.Invoker.invokeConfigurations(Invoker.java:222)
at org.testng.internal.Invoker.invokeConfigurations(Invoker.java:142)
at org.testng.internal.TestMethodWorker.invokeBeforeClassMethods(TestMethodWorker.java:168)
at org.testng.internal.TestMethodWorker.run(TestMethodWorker.java:105)
at org.testng.TestRunner.privateRun(TestRunner.java:648)
at org.testng.TestRunner.run(TestRunner.java:505)
at org.testng.SuiteRunner.runTest(SuiteRunner.java:455)
at org.testng.SuiteRunner.runSequentially(SuiteRunner.java:450)
at org.testng.SuiteRunner.privateRun(SuiteRunner.java:415)
at org.testng.SuiteRunner.run(SuiteRunner.java:364)
at org.testng.SuiteRunnerWorker.runSuite(SuiteRunnerWorker.java:52)
at org.testng.SuiteRunnerWorker.run(SuiteRunnerWorker.java:84)
at org.testng.TestNG.runSuitesSequentially(TestNG.java:1208)
at org.testng.TestNG.runSuitesLocally(TestNG.java:1137)
at org.testng.TestNG.runSuites(TestNG.java:1049)
at org.testng.TestNG.run(TestNG.java:1017)
at org.testng.remote.AbstractRemoteTestNG.run(AbstractRemoteTestNG.java:115)
at org.testng.remote.RemoteTestNG.initAndRun(RemoteTestNG.java:251)
at org.testng.remote.RemoteTestNG.main(RemoteTestNG.java:77)
]]>
    </failure>
  </testcase> <!-- @BeforeClass launchdriver -->
  <testcase classname="pom.Login_page" name="login" time="0.0">
    <skipped/>
  </testcase> <!-- login -->
  <testcase classname="pom.Purchaseorder_page" name="searchproduct" time="0.0">
    <skipped/>
  </testcase> <!-- searchproduct -->
</testsuite> <!-- Default test -->
